<?xml version="1.0" encoding="UTF-8"?>
<testng-results skipped="0" failed="0" ignored="0" total="1" passed="1">
  <reporter-output>
  </reporter-output>
  <suite name="Default suite" duration-ms="27" started-at="2018-02-02T14:59:02Z" finished-at="2018-02-02T14:59:02Z">
    <groups>
    </groups>
    <test name="Default test" duration-ms="27" started-at="2018-02-02T14:59:02Z" finished-at="2018-02-02T14:59:02Z">
      <class name="com.AmazonDataDriven.TestNG_test1">
        <test-method status="PASS" signature="beforeSuite()[pri:0, instance:com.AmazonDataDriven.TestNG_test1@6043cd28]" name="beforeSuite" is-config="true" duration-ms="9" started-at="2018-02-02T09:59:02Z" finished-at="2018-02-02T09:59:02Z">
          <reporter-output>
          </reporter-output>
        </test-method> <!-- beforeSuite -->
        <test-method status="PASS" signature="beforeTest()[pri:0, instance:com.AmazonDataDriven.TestNG_test1@6043cd28]" name="beforeTest" is-config="true" duration-ms="1" started-at="2018-02-02T09:59:02Z" finished-at="2018-02-02T09:59:02Z">
          <reporter-output>
          </reporter-output>
        </test-method> <!-- beforeTest -->
        <test-method status="PASS" signature="beforeClass()[pri:0, instance:com.AmazonDataDriven.TestNG_test1@6043cd28]" name="beforeClass" is-config="true" duration-ms="0" started-at="2018-02-02T09:59:02Z" finished-at="2018-02-02T09:59:02Z">
          <reporter-output>
          </reporter-output>
        </test-method> <!-- beforeClass -->
        <test-method status="PASS" signature="beforeMethod()[pri:0, instance:com.AmazonDataDriven.TestNG_test1@6043cd28]" name="beforeMethod" is-config="true" duration-ms="1" started-at="2018-02-02T09:59:02Z" finished-at="2018-02-02T09:59:02Z">
          <reporter-output>
          </reporter-output>
        </test-method> <!-- beforeMethod -->
        <test-method status="PASS" signature="f()[pri:0, instance:com.AmazonDataDriven.TestNG_test1@6043cd28]" name="f" duration-ms="5" started-at="2018-02-02T09:59:02Z" finished-at="2018-02-02T09:59:02Z">
          <reporter-output>
          </reporter-output>
        </test-method> <!-- f -->
        <test-method status="PASS" signature="afterMethod()[pri:0, instance:com.AmazonDataDriven.TestNG_test1@6043cd28]" name="afterMethod" is-config="true" duration-ms="1" started-at="2018-02-02T09:59:02Z" finished-at="2018-02-02T09:59:02Z">
          <reporter-output>
          </reporter-output>
        </test-method> <!-- afterMethod -->
        <test-method status="PASS" signature="afterTest()[pri:0, instance:com.AmazonDataDriven.TestNG_test1@6043cd28]" name="afterTest" is-config="true" duration-ms="3" started-at="2018-02-02T09:59:02Z" finished-at="2018-02-02T09:59:02Z">
          <reporter-output>
          </reporter-output>
        </test-method> <!-- afterTest -->
        <test-method status="PASS" signature="afterClass()[pri:0, instance:com.AmazonDataDriven.TestNG_test1@6043cd28]" name="afterClass" is-config="true" duration-ms="0" started-at="2018-02-02T09:59:02Z" finished-at="2018-02-02T09:59:02Z">
          <reporter-output>
          </reporter-output>
        </test-method> <!-- afterClass -->
        <test-method status="PASS" signature="afterSuite()[pri:0, instance:com.AmazonDataDriven.TestNG_test1@6043cd28]" name="afterSuite" is-config="true" duration-ms="1" started-at="2018-02-02T09:59:02Z" finished-at="2018-02-02T09:59:02Z">
          <reporter-output>
          </reporter-output>
        </test-method> <!-- afterSuite -->
      </class> <!-- com.AmazonDataDriven.TestNG_test1 -->
    </test> <!-- Default test -->
  </suite> <!-- Default suite -->
</testng-results>
